Using pre-set license
Built from '2020.3/staging' branch; Version is '2020.3.9f1 (108be757e447) revision 1084391'; Using compiler version '192528614'; Build Type 'Release'
OS: 'Windows 10 Home; OS build 19042.1348; Version 2009; 64bit' Language: 'es' Physical Memory: 16322 MB
BatchMode: 1, IsHumanControllingUs: 0, StartBugReporterOnCrash: 0, Is64bit: 1, IsPro: 0

 COMMAND LINE ARGUMENTS:
C:\Program Files\Unity\Hub\Editor\2020.3.9f1\Editor\Unity.exe
-adb2
-batchMode
-noUpm
-name
AssetImportWorker0
-projectPath
D:/UNITYYYY/TRABAJO_FINAL/trabajo_final
-logFile
Logs/AssetImportWorker0.log
-srvPort
55395
Successfully changed project path to: D:/UNITYYYY/TRABAJO_FINAL/trabajo_final
D:/UNITYYYY/TRABAJO_FINAL/trabajo_final
Using Asset Import Pipeline V2.
Refreshing native plugins compatible for Editor in 19.69 ms, found 0 plugins.
Preloading 0 native plugins for Editor in 0.00 ms.
Initialize engine version: 2020.3.9f1 (108be757e447)
[Subsystems] Discovering subsystems at path C:/Program Files/Unity/Hub/Editor/2020.3.9f1/Editor/Data/Resources/UnitySubsystems
[Subsystems] Discovering subsystems at path D:/UNITYYYY/TRABAJO_FINAL/trabajo_final/Assets
GfxDevice: creating device client; threaded=0
Direct3D:
    Version:  Direct3D 11.0 [level 11.1]
    Renderer: NVIDIA GeForce RTX 2060 SUPER (ID=0x1f06)
    Vendor:   
    VRAM:     8031 MB
    Driver:   27.21.14.5671
Initialize mono
Mono path[0] = 'C:/Program Files/Unity/Hub/Editor/2020.3.9f1/Editor/Data/Managed'
Mono path[1] = 'C:/Program Files/Unity/Hub/Editor/2020.3.9f1/Editor/Data/MonoBleedingEdge/lib/mono/unityjit'
Mono config path = 'C:/Program Files/Unity/Hub/Editor/2020.3.9f1/Editor/Data/MonoBleedingEdge/etc'
Using monoOptions --debugger-agent=transport=dt_socket,embedding=1,server=y,suspend=n,address=127.0.0.1:56840
Begin MonoManager ReloadAssembly
Registering precompiled unity dll's ...
Register platform support module: C:/Program Files/Unity/Hub/Editor/2020.3.9f1/Editor/Data/PlaybackEngines/WindowsStandaloneSupport/UnityEditor.WindowsStandalone.Extensions.dll
Registered in 0.001900 seconds.
Native extension for WindowsStandalone target not found
Refreshing native plugins compatible for Editor in 20.93 ms, found 0 plugins.
Preloading 0 native plugins for Editor in 0.00 ms.
Mono: successfully reloaded assembly
- Completed reload, in  0.890 seconds
Platform modules already initialized, skipping
Registering precompiled user dll's ...
Registered in 0.000589 seconds.
Begin MonoManager ReloadAssembly
Native extension for WindowsStandalone target not found
Refreshing native plugins compatible for Editor in 0.18 ms, found 0 plugins.
Preloading 0 native plugins for Editor in 0.00 ms.
Mono: successfully reloaded assembly
- Completed reload, in  0.715 seconds
Platform modules already initialized, skipping
========================================================================
Worker process is ready to serve import requests
Launched and connected shader compiler UnityShaderCompiler.exe after 0.04 seconds
Refreshing native plugins compatible for Editor in 0.18 ms, found 0 plugins.
Preloading 0 native plugins for Editor in 0.00 ms.
Unloading 1268 Unused Serialized files (Serialized files now loaded: 0)
System memory in use before: 62.3 MB.
System memory in use after: 62.4 MB.

Unloading 11 unused Assets to reduce memory usage. Loaded Objects now: 1711.
Total: 1.414900 ms (FindLiveObjects: 0.101300 ms CreateObjectMapping: 0.031800 ms MarkObjects: 1.222200 ms  DeleteObjects: 0.058800 ms)

========================================================================
Received Import Request.
  path: Assets/Prefabs/Prefabs_objects/Misil.prefab
  artifactKey: Guid(c1b14f57934991c41885cea67040fc10) Importer(815301076,1909f56bfc062723c751e8b465ee728b)
Start importing Assets/Prefabs/Prefabs_objects/Misil.prefab using Guid(c1b14f57934991c41885cea67040fc10) Importer(815301076,1909f56bfc062723c751e8b465ee728b)  -> (artifact id: '6adf05544c66eab29360bd85a3280552') in 0.089181 seconds
  Import took 0.090997 seconds .

========================================================================
Received Prepare
Registering precompiled user dll's ...
Registered in 0.000810 seconds.
Begin MonoManager ReloadAssembly
Native extension for WindowsStandalone target not found
Refreshing native plugins compatible for Editor in 0.21 ms, found 0 plugins.
Preloading 0 native plugins for Editor in 0.00 ms.
Mono: successfully reloaded assembly
- Completed reload, in  0.710 seconds
Platform modules already initialized, skipping
Refreshing native plugins compatible for Editor in 0.23 ms, found 0 plugins.
Preloading 0 native plugins for Editor in 0.00 ms.
Unloading 1261 Unused Serialized files (Serialized files now loaded: 0)
System memory in use before: 65.3 MB.
System memory in use after: 65.3 MB.

Unloading 7 unused Assets to reduce memory usage. Loaded Objects now: 1723.
Total: 1.321700 ms (FindLiveObjects: 0.103600 ms CreateObjectMapping: 0.033400 ms MarkObjects: 1.143900 ms  DeleteObjects: 0.039800 ms)

========================================================================
Received Import Request.
  Time since last request: 57.940682 seconds.
  path: Assets/Prefabs/Prefabs_objects/Misil.prefab
  artifactKey: Guid(c1b14f57934991c41885cea67040fc10) Importer(815301076,1909f56bfc062723c751e8b465ee728b)
Start importing Assets/Prefabs/Prefabs_objects/Misil.prefab using Guid(c1b14f57934991c41885cea67040fc10) Importer(815301076,1909f56bfc062723c751e8b465ee728b)  -> (artifact id: '12c8a7d12587e16d37d0caa85758a2d9') in 0.049141 seconds
  Import took 0.050969 seconds .

========================================================================
Received Import Request.
  Time since last request: 13.693733 seconds.
  path: Assets/Prefabs/Prefabs_objects/obstacle.prefab
  artifactKey: Guid(d313e28cdf999d64e80ef5f9c1d413d4) Importer(815301076,1909f56bfc062723c751e8b465ee728b)
Start importing Assets/Prefabs/Prefabs_objects/obstacle.prefab using Guid(d313e28cdf999d64e80ef5f9c1d413d4) Importer(815301076,1909f56bfc062723c751e8b465ee728b)  -> (artifact id: 'ef07203b759a27016f674ba09f87545f') in 0.012681 seconds
  Import took 0.014472 seconds .

========================================================================
Received Import Request.
  Time since last request: 144.905210 seconds.
  path: Assets/Script/playerController.cs
  artifactKey: Guid(6356e7674f26da248977a6cac10c720d) Importer(815301076,1909f56bfc062723c751e8b465ee728b)
Start importing Assets/Script/playerController.cs using Guid(6356e7674f26da248977a6cac10c720d) Importer(815301076,1909f56bfc062723c751e8b465ee728b)  -> (artifact id: '4f2396fc6a50c049862e5a55220418c1') in 0.009134 seconds
  Import took 0.011053 seconds .

========================================================================
Received Import Request.
  Time since last request: 0.019013 seconds.
  path: Assets/Script/playerController.cs
  artifactKey: Guid(6356e7674f26da248977a6cac10c720d) Importer(815301076,1909f56bfc062723c751e8b465ee728b)
Start importing Assets/Script/playerController.cs using Guid(6356e7674f26da248977a6cac10c720d) Importer(815301076,1909f56bfc062723c751e8b465ee728b)  -> (artifact id: '4f2396fc6a50c049862e5a55220418c1') in 0.002946 seconds
  Import took 0.004944 seconds .

========================================================================
Received Import Request.
  Time since last request: 27.109782 seconds.
  path: Assets/Script/playerController.cs
  artifactKey: Guid(6356e7674f26da248977a6cac10c720d) Importer(815301076,1909f56bfc062723c751e8b465ee728b)
Start importing Assets/Script/playerController.cs using Guid(6356e7674f26da248977a6cac10c720d) Importer(815301076,1909f56bfc062723c751e8b465ee728b)  -> (artifact id: '5ab88f60a73b90dcb06dcfc8097cce4c') in 0.003096 seconds
  Import took 0.004816 seconds .

========================================================================
Received Prepare
Registering precompiled user dll's ...
Registered in 0.000604 seconds.
Begin MonoManager ReloadAssembly
Native extension for WindowsStandalone target not found
Refreshing native plugins compatible for Editor in 0.19 ms, found 0 plugins.
Preloading 0 native plugins for Editor in 0.00 ms.
Mono: successfully reloaded assembly
- Completed reload, in  0.680 seconds
Platform modules already initialized, skipping
Refreshing native plugins compatible for Editor in 0.21 ms, found 0 plugins.
Preloading 0 native plugins for Editor in 0.00 ms.
Unloading 1261 Unused Serialized files (Serialized files now loaded: 0)
System memory in use before: 65.4 MB.
System memory in use after: 65.4 MB.

Unloading 7 unused Assets to reduce memory usage. Loaded Objects now: 1729.
Total: 1.308000 ms (FindLiveObjects: 0.095700 ms CreateObjectMapping: 0.028500 ms MarkObjects: 1.148700 ms  DeleteObjects: 0.034500 ms)

========================================================================
Received Import Request.
  Time since last request: 15.880920 seconds.
  path: Assets/Script/playerController.cs
  artifactKey: Guid(6356e7674f26da248977a6cac10c720d) Importer(815301076,1909f56bfc062723c751e8b465ee728b)
Start importing Assets/Script/playerController.cs using Guid(6356e7674f26da248977a6cac10c720d) Importer(815301076,1909f56bfc062723c751e8b465ee728b)  -> (artifact id: 'bfa51153d369af0195c8de849d7c51f9') in 0.004220 seconds
  Import took 0.005717 seconds .

========================================================================
Received Prepare
Registering precompiled user dll's ...
Registered in 0.000553 seconds.
Begin MonoManager ReloadAssembly
Native extension for WindowsStandalone target not found
Refreshing native plugins compatible for Editor in 0.18 ms, found 0 plugins.
Preloading 0 native plugins for Editor in 0.00 ms.
Mono: successfully reloaded assembly
- Completed reload, in  0.673 seconds
Platform modules already initialized, skipping
Refreshing native plugins compatible for Editor in 0.18 ms, found 0 plugins.
Preloading 0 native plugins for Editor in 0.00 ms.
Unloading 1261 Unused Serialized files (Serialized files now loaded: 0)
System memory in use before: 65.4 MB.
System memory in use after: 65.4 MB.

Unloading 6 unused Assets to reduce memory usage. Loaded Objects now: 1732.
Total: 1.485400 ms (FindLiveObjects: 0.100400 ms CreateObjectMapping: 0.030800 ms MarkObjects: 1.317100 ms  DeleteObjects: 0.036300 ms)

========================================================================
Received Prepare
Registering precompiled user dll's ...
Registered in 0.000581 seconds.
Begin MonoManager ReloadAssembly
Native extension for WindowsStandalone target not found
Refreshing native plugins compatible for Editor in 0.18 ms, found 0 plugins.
Preloading 0 native plugins for Editor in 0.00 ms.
Mono: successfully reloaded assembly
- Completed reload, in  0.683 seconds
Platform modules already initialized, skipping
Refreshing native plugins compatible for Editor in 0.19 ms, found 0 plugins.
Preloading 0 native plugins for Editor in 0.00 ms.
Unloading 1261 Unused Serialized files (Serialized files now loaded: 0)
System memory in use before: 65.4 MB.
System memory in use after: 65.4 MB.

Unloading 6 unused Assets to reduce memory usage. Loaded Objects now: 1735.
Total: 1.264400 ms (FindLiveObjects: 0.102500 ms CreateObjectMapping: 0.030300 ms MarkObjects: 1.096900 ms  DeleteObjects: 0.034100 ms)

========================================================================
Received Import Request.
  Time since last request: 70.206090 seconds.
  path: Assets/Prefabs/Prefabs_objects/Misil.prefab
  artifactKey: Guid(c1b14f57934991c41885cea67040fc10) Importer(815301076,1909f56bfc062723c751e8b465ee728b)
Start importing Assets/Prefabs/Prefabs_objects/Misil.prefab using Guid(c1b14f57934991c41885cea67040fc10) Importer(815301076,1909f56bfc062723c751e8b465ee728b)  -> (artifact id: 'c65451379555d9a1609eb7190e40c448') in 0.052358 seconds
  Import took 0.060010 seconds .

========================================================================
Received Import Request.
  Time since last request: 3.021011 seconds.
  path: Assets/Prefabs/Prefabs_objects/Misil.prefab
  artifactKey: Guid(c1b14f57934991c41885cea67040fc10) Importer(815301076,1909f56bfc062723c751e8b465ee728b)
Start importing Assets/Prefabs/Prefabs_objects/Misil.prefab using Guid(c1b14f57934991c41885cea67040fc10) Importer(815301076,1909f56bfc062723c751e8b465ee728b)  -> (artifact id: '58ef462328204ef8526d6264e1b80c37') in 0.027862 seconds
  Import took 0.029832 seconds .

========================================================================
Received Prepare
Registering precompiled user dll's ...
Registered in 0.000618 seconds.
Begin MonoManager ReloadAssembly
Native extension for WindowsStandalone target not found
Refreshing native plugins compatible for Editor in 0.19 ms, found 0 plugins.
Preloading 0 native plugins for Editor in 0.00 ms.
Mono: successfully reloaded assembly
- Completed reload, in  0.780 seconds
Platform modules already initialized, skipping
Refreshing native plugins compatible for Editor in 0.18 ms, found 0 plugins.
Preloading 0 native plugins for Editor in 0.00 ms.
Unloading 1261 Unused Serialized files (Serialized files now loaded: 0)
System memory in use before: 65.4 MB.
System memory in use after: 65.5 MB.

Unloading 7 unused Assets to reduce memory usage. Loaded Objects now: 1739.
Total: 1.488500 ms (FindLiveObjects: 0.110000 ms CreateObjectMapping: 0.037300 ms MarkObjects: 1.284500 ms  DeleteObjects: 0.055700 ms)

========================================================================
Received Import Request.
  Time since last request: 28.772738 seconds.
  path: Assets/Prefabs/Prefabs_objects/Misil.prefab
  artifactKey: Guid(c1b14f57934991c41885cea67040fc10) Importer(815301076,1909f56bfc062723c751e8b465ee728b)
Start importing Assets/Prefabs/Prefabs_objects/Misil.prefab using Guid(c1b14f57934991c41885cea67040fc10) Importer(815301076,1909f56bfc062723c751e8b465ee728b)  -> (artifact id: 'ba23c0832cb1de0f0ec01ada16a005f1') in 0.052763 seconds
  Import took 0.054563 seconds .

========================================================================
Received Import Request.
  Time since last request: 1.339415 seconds.
  path: Assets/Prefabs/Prefabs_objects/Misil.prefab
  artifactKey: Guid(c1b14f57934991c41885cea67040fc10) Importer(815301076,1909f56bfc062723c751e8b465ee728b)
Start importing Assets/Prefabs/Prefabs_objects/Misil.prefab using Guid(c1b14f57934991c41885cea67040fc10) Importer(815301076,1909f56bfc062723c751e8b465ee728b)  -> (artifact id: 'bc4d239cfda29dd21959fc5b5a0b16f6') in 0.006900 seconds
  Import took 0.008685 seconds .

========================================================================
Received Import Request.
  Time since last request: 0.775618 seconds.
  path: Assets/Prefabs/Prefabs_objects/Misil.prefab
  artifactKey: Guid(c1b14f57934991c41885cea67040fc10) Importer(815301076,1909f56bfc062723c751e8b465ee728b)
Start importing Assets/Prefabs/Prefabs_objects/Misil.prefab using Guid(c1b14f57934991c41885cea67040fc10) Importer(815301076,1909f56bfc062723c751e8b465ee728b)  -> (artifact id: '2ba5038c65e7aac949dace545a62c1b4') in 0.007984 seconds
  Import took 0.010164 seconds .

========================================================================
Received Import Request.
  Time since last request: 0.594937 seconds.
  path: Assets/Prefabs/Prefabs_objects/Misil.prefab
  artifactKey: Guid(c1b14f57934991c41885cea67040fc10) Importer(815301076,1909f56bfc062723c751e8b465ee728b)
Start importing Assets/Prefabs/Prefabs_objects/Misil.prefab using Guid(c1b14f57934991c41885cea67040fc10) Importer(815301076,1909f56bfc062723c751e8b465ee728b)  -> (artifact id: '1fecd67abfe898b93ea47125b8996239') in 0.007310 seconds
  Import took 0.009151 seconds .

========================================================================
Received Import Request.
  Time since last request: 0.594942 seconds.
  path: Assets/Prefabs/Prefabs_objects/Misil.prefab
  artifactKey: Guid(c1b14f57934991c41885cea67040fc10) Importer(815301076,1909f56bfc062723c751e8b465ee728b)
Start importing Assets/Prefabs/Prefabs_objects/Misil.prefab using Guid(c1b14f57934991c41885cea67040fc10) Importer(815301076,1909f56bfc062723c751e8b465ee728b)  -> (artifact id: '354247aaa9fd150f837649cfd8b0f467') in 0.005884 seconds
  Import took 0.007530 seconds .

========================================================================
Received Import Request.
  Time since last request: 0.594334 seconds.
  path: Assets/Prefabs/Prefabs_objects/Misil.prefab
  artifactKey: Guid(c1b14f57934991c41885cea67040fc10) Importer(815301076,1909f56bfc062723c751e8b465ee728b)
Start importing Assets/Prefabs/Prefabs_objects/Misil.prefab using Guid(c1b14f57934991c41885cea67040fc10) Importer(815301076,1909f56bfc062723c751e8b465ee728b)  -> (artifact id: '8a0fd7e109820e232e712f30320c135a') in 0.005783 seconds
  Import took 0.007617 seconds .

========================================================================
Received Import Request.
  Time since last request: 0.594435 seconds.
  path: Assets/Prefabs/Prefabs_objects/Misil.prefab
  artifactKey: Guid(c1b14f57934991c41885cea67040fc10) Importer(815301076,1909f56bfc062723c751e8b465ee728b)
Start importing Assets/Prefabs/Prefabs_objects/Misil.prefab using Guid(c1b14f57934991c41885cea67040fc10) Importer(815301076,1909f56bfc062723c751e8b465ee728b)  -> (artifact id: '4382898356bbaa2bbc170eb090c713f0') in 0.006110 seconds
  Import took 0.007909 seconds .

========================================================================
Received Import Request.
  Time since last request: 0.394081 seconds.
  path: Assets/Prefabs/Prefabs_objects/Misil.prefab
  artifactKey: Guid(c1b14f57934991c41885cea67040fc10) Importer(815301076,1909f56bfc062723c751e8b465ee728b)
Start importing Assets/Prefabs/Prefabs_objects/Misil.prefab using Guid(c1b14f57934991c41885cea67040fc10) Importer(815301076,1909f56bfc062723c751e8b465ee728b)  -> (artifact id: '27a15a78f679df5093261074c25a1609') in 0.006382 seconds
  Import took 0.008187 seconds .

========================================================================
Received Import Request.
  Time since last request: 1.196711 seconds.
  path: Assets/Prefabs/Prefabs_objects/Misil.prefab
  artifactKey: Guid(c1b14f57934991c41885cea67040fc10) Importer(815301076,1909f56bfc062723c751e8b465ee728b)
Start importing Assets/Prefabs/Prefabs_objects/Misil.prefab using Guid(c1b14f57934991c41885cea67040fc10) Importer(815301076,1909f56bfc062723c751e8b465ee728b)  -> (artifact id: 'b5b396da89968303d5d47f30ddf20270') in 0.006849 seconds
  Import took 0.008630 seconds .

========================================================================
Received Import Request.
  Time since last request: 0.390800 seconds.
  path: Assets/Prefabs/Prefabs_objects/Misil.prefab
  artifactKey: Guid(c1b14f57934991c41885cea67040fc10) Importer(815301076,1909f56bfc062723c751e8b465ee728b)
Start importing Assets/Prefabs/Prefabs_objects/Misil.prefab using Guid(c1b14f57934991c41885cea67040fc10) Importer(815301076,1909f56bfc062723c751e8b465ee728b)  -> (artifact id: '71b787610771a736407f5d3c542d9d8c') in 0.006443 seconds
  Import took 0.008259 seconds .

========================================================================
Received Import Request.
  Time since last request: 0.595115 seconds.
  path: Assets/Prefabs/Prefabs_objects/Misil.prefab
  artifactKey: Guid(c1b14f57934991c41885cea67040fc10) Importer(815301076,1909f56bfc062723c751e8b465ee728b)
Start importing Assets/Prefabs/Prefabs_objects/Misil.prefab using Guid(c1b14f57934991c41885cea67040fc10) Importer(815301076,1909f56bfc062723c751e8b465ee728b)  -> (artifact id: 'b86d1e00040c9f255a48cafe802ef907') in 0.006911 seconds
  Import took 0.008914 seconds .

========================================================================
Received Import Request.
  Time since last request: 0.793386 seconds.
  path: Assets/Prefabs/Prefabs_objects/Misil.prefab
  artifactKey: Guid(c1b14f57934991c41885cea67040fc10) Importer(815301076,1909f56bfc062723c751e8b465ee728b)
Start importing Assets/Prefabs/Prefabs_objects/Misil.prefab using Guid(c1b14f57934991c41885cea67040fc10) Importer(815301076,1909f56bfc062723c751e8b465ee728b)  -> (artifact id: 'bbb7c544ce1f2ace662c6401640c463a') in 0.005809 seconds
  Import took 0.007586 seconds .

========================================================================
Received Import Request.
  Time since last request: 3.404766 seconds.
  path: Assets/Prefabs/Prefabs_objects/Misil.prefab
  artifactKey: Guid(c1b14f57934991c41885cea67040fc10) Importer(815301076,1909f56bfc062723c751e8b465ee728b)
Start importing Assets/Prefabs/Prefabs_objects/Misil.prefab using Guid(c1b14f57934991c41885cea67040fc10) Importer(815301076,1909f56bfc062723c751e8b465ee728b)  -> (artifact id: '7719fc0f357b69460dfabb65f896b722') in 0.006560 seconds
  Import took 0.008286 seconds .

========================================================================
Received Import Request.
  Time since last request: 0.392232 seconds.
  path: Assets/Prefabs/Prefabs_objects/Misil.prefab
  artifactKey: Guid(c1b14f57934991c41885cea67040fc10) Importer(815301076,1909f56bfc062723c751e8b465ee728b)
Start importing Assets/Prefabs/Prefabs_objects/Misil.prefab using Guid(c1b14f57934991c41885cea67040fc10) Importer(815301076,1909f56bfc062723c751e8b465ee728b)  -> (artifact id: 'b40c14d19f64828c92776198cdd0320a') in 0.006399 seconds
  Import took 0.008067 seconds .

AssetImportWorkerClient::OnTransportError - code=2 error=End of file
