Using pre-set license
Built from '2020.3/staging' branch; Version is '2020.3.9f1 (108be757e447) revision 1084391'; Using compiler version '192528614'; Build Type 'Release'
OS: 'Windows 10 Home; OS build 19042.1415; Version 2009; 64bit' Language: 'es' Physical Memory: 16322 MB
BatchMode: 1, IsHumanControllingUs: 0, StartBugReporterOnCrash: 0, Is64bit: 1, IsPro: 0

 COMMAND LINE ARGUMENTS:
C:\Program Files\Unity\Hub\Editor\2020.3.9f1\Editor\Unity.exe
-adb2
-batchMode
-noUpm
-name
AssetImportWorker0
-projectPath
D:/UNITYYYY/TRABAJO_FINAL/trabajo_final
-logFile
Logs/AssetImportWorker0.log
-srvPort
59646
Successfully changed project path to: D:/UNITYYYY/TRABAJO_FINAL/trabajo_final
D:/UNITYYYY/TRABAJO_FINAL/trabajo_final
Using Asset Import Pipeline V2.
Refreshing native plugins compatible for Editor in 20.98 ms, found 0 plugins.
Preloading 0 native plugins for Editor in 0.00 ms.
Initialize engine version: 2020.3.9f1 (108be757e447)
[Subsystems] Discovering subsystems at path C:/Program Files/Unity/Hub/Editor/2020.3.9f1/Editor/Data/Resources/UnitySubsystems
[Subsystems] Discovering subsystems at path D:/UNITYYYY/TRABAJO_FINAL/trabajo_final/Assets
GfxDevice: creating device client; threaded=0
Direct3D:
    Version:  Direct3D 11.0 [level 11.1]
    Renderer: NVIDIA GeForce RTX 2060 SUPER (ID=0x1f06)
    Vendor:   
    VRAM:     8031 MB
    Driver:   27.21.14.5671
Initialize mono
Mono path[0] = 'C:/Program Files/Unity/Hub/Editor/2020.3.9f1/Editor/Data/Managed'
Mono path[1] = 'C:/Program Files/Unity/Hub/Editor/2020.3.9f1/Editor/Data/MonoBleedingEdge/lib/mono/unityjit'
Mono config path = 'C:/Program Files/Unity/Hub/Editor/2020.3.9f1/Editor/Data/MonoBleedingEdge/etc'
Using monoOptions --debugger-agent=transport=dt_socket,embedding=1,server=y,suspend=n,address=127.0.0.1:56792
Begin MonoManager ReloadAssembly
Registering precompiled unity dll's ...
Register platform support module: C:/Program Files/Unity/Hub/Editor/2020.3.9f1/Editor/Data/PlaybackEngines/WindowsStandaloneSupport/UnityEditor.WindowsStandalone.Extensions.dll
Registered in 0.001986 seconds.
Native extension for WindowsStandalone target not found
Refreshing native plugins compatible for Editor in 26.47 ms, found 0 plugins.
Preloading 0 native plugins for Editor in 0.00 ms.
Mono: successfully reloaded assembly
- Completed reload, in  0.995 seconds
Platform modules already initialized, skipping
Registering precompiled user dll's ...
Registered in 0.000920 seconds.
Begin MonoManager ReloadAssembly
Native extension for WindowsStandalone target not found
Refreshing native plugins compatible for Editor in 0.17 ms, found 0 plugins.
Preloading 0 native plugins for Editor in 0.00 ms.
Mono: successfully reloaded assembly
- Completed reload, in  0.726 seconds
Platform modules already initialized, skipping
========================================================================
Worker process is ready to serve import requests
Launched and connected shader compiler UnityShaderCompiler.exe after 0.04 seconds
Refreshing native plugins compatible for Editor in 0.20 ms, found 0 plugins.
Preloading 0 native plugins for Editor in 0.00 ms.
Unloading 1282 Unused Serialized files (Serialized files now loaded: 0)
System memory in use before: 64.5 MB.
System memory in use after: 64.5 MB.

Unloading 11 unused Assets to reduce memory usage. Loaded Objects now: 1725.
Total: 1.434600 ms (FindLiveObjects: 0.096400 ms CreateObjectMapping: 0.029300 ms MarkObjects: 1.243300 ms  DeleteObjects: 0.064800 ms)

========================================================================
Received Import Request.
  path: Assets/Prefabs/Prefabs_objects/Player.prefab
  artifactKey: Guid(21f63790e040be849b2a0cfdf162a11b) Importer(815301076,1909f56bfc062723c751e8b465ee728b)
Start importing Assets/Prefabs/Prefabs_objects/Player.prefab using Guid(21f63790e040be849b2a0cfdf162a11b) Importer(815301076,1909f56bfc062723c751e8b465ee728b)  -> (artifact id: 'd7213b5985db217b2b95c54286755eb3') in 0.091005 seconds
  Import took 0.093600 seconds .

========================================================================
Received Import Request.
  Time since last request: 1.469743 seconds.
  path: Assets/Prefabs/Prefabs_objects/Player.prefab
  artifactKey: Guid(21f63790e040be849b2a0cfdf162a11b) Importer(815301076,1909f56bfc062723c751e8b465ee728b)
Start importing Assets/Prefabs/Prefabs_objects/Player.prefab using Guid(21f63790e040be849b2a0cfdf162a11b) Importer(815301076,1909f56bfc062723c751e8b465ee728b)  -> (artifact id: 'd7213b5985db217b2b95c54286755eb3') in 0.012901 seconds
  Import took 0.014849 seconds .

========================================================================
Received Prepare
Registering precompiled user dll's ...
Registered in 0.000807 seconds.
Begin MonoManager ReloadAssembly
Native extension for WindowsStandalone target not found
Refreshing native plugins compatible for Editor in 0.21 ms, found 0 plugins.
Preloading 0 native plugins for Editor in 0.00 ms.
Mono: successfully reloaded assembly
- Completed reload, in  0.766 seconds
Platform modules already initialized, skipping
Refreshing native plugins compatible for Editor in 0.20 ms, found 0 plugins.
Preloading 0 native plugins for Editor in 0.00 ms.
Unloading 1262 Unused Serialized files (Serialized files now loaded: 0)
System memory in use before: 66.2 MB.
System memory in use after: 66.3 MB.

Unloading 7 unused Assets to reduce memory usage. Loaded Objects now: 1739.
Total: 1.451600 ms (FindLiveObjects: 0.127200 ms CreateObjectMapping: 0.045200 ms MarkObjects: 1.238300 ms  DeleteObjects: 0.039700 ms)

========================================================================
Received Prepare
Registering precompiled user dll's ...
Registered in 0.000649 seconds.
Begin MonoManager ReloadAssembly
Native extension for WindowsStandalone target not found
Refreshing native plugins compatible for Editor in 0.22 ms, found 0 plugins.
Preloading 0 native plugins for Editor in 0.00 ms.
Mono: successfully reloaded assembly
- Completed reload, in  0.683 seconds
Platform modules already initialized, skipping
Refreshing native plugins compatible for Editor in 0.17 ms, found 0 plugins.
Preloading 0 native plugins for Editor in 0.00 ms.
Unloading 1262 Unused Serialized files (Serialized files now loaded: 0)
System memory in use before: 66.3 MB.
System memory in use after: 66.3 MB.

Unloading 6 unused Assets to reduce memory usage. Loaded Objects now: 1742.
Total: 1.301500 ms (FindLiveObjects: 0.096700 ms CreateObjectMapping: 0.029800 ms MarkObjects: 1.141100 ms  DeleteObjects: 0.033400 ms)

========================================================================
Received Prepare
Registering precompiled user dll's ...
Registered in 0.000625 seconds.
Begin MonoManager ReloadAssembly
Native extension for WindowsStandalone target not found
Refreshing native plugins compatible for Editor in 0.17 ms, found 0 plugins.
Preloading 0 native plugins for Editor in 0.00 ms.
Mono: successfully reloaded assembly
- Completed reload, in  0.693 seconds
Platform modules already initialized, skipping
Refreshing native plugins compatible for Editor in 0.18 ms, found 0 plugins.
Preloading 0 native plugins for Editor in 0.00 ms.
Unloading 1262 Unused Serialized files (Serialized files now loaded: 0)
System memory in use before: 66.3 MB.
System memory in use after: 66.4 MB.

Unloading 6 unused Assets to reduce memory usage. Loaded Objects now: 1745.
Total: 1.356200 ms (FindLiveObjects: 0.096400 ms CreateObjectMapping: 0.027500 ms MarkObjects: 1.193900 ms  DeleteObjects: 0.037700 ms)

========================================================================
Received Prepare
Registering precompiled user dll's ...
Registered in 0.000714 seconds.
Begin MonoManager ReloadAssembly
Native extension for WindowsStandalone target not found
Refreshing native plugins compatible for Editor in 0.18 ms, found 0 plugins.
Preloading 0 native plugins for Editor in 0.00 ms.
Mono: successfully reloaded assembly
- Completed reload, in  0.679 seconds
Platform modules already initialized, skipping
Refreshing native plugins compatible for Editor in 0.18 ms, found 0 plugins.
Preloading 0 native plugins for Editor in 0.00 ms.
Unloading 1262 Unused Serialized files (Serialized files now loaded: 0)
System memory in use before: 66.3 MB.
System memory in use after: 66.4 MB.

Unloading 6 unused Assets to reduce memory usage. Loaded Objects now: 1748.
Total: 1.298400 ms (FindLiveObjects: 0.100900 ms CreateObjectMapping: 0.030600 ms MarkObjects: 1.125100 ms  DeleteObjects: 0.041100 ms)

========================================================================
Received Prepare
Registering precompiled user dll's ...
Registered in 0.000713 seconds.
Begin MonoManager ReloadAssembly
Native extension for WindowsStandalone target not found
Refreshing native plugins compatible for Editor in 0.18 ms, found 0 plugins.
Preloading 0 native plugins for Editor in 0.00 ms.
Mono: successfully reloaded assembly
- Completed reload, in  0.665 seconds
Platform modules already initialized, skipping
Refreshing native plugins compatible for Editor in 0.19 ms, found 0 plugins.
Preloading 0 native plugins for Editor in 0.00 ms.
Unloading 1262 Unused Serialized files (Serialized files now loaded: 0)
System memory in use before: 66.3 MB.
System memory in use after: 66.4 MB.

Unloading 6 unused Assets to reduce memory usage. Loaded Objects now: 1751.
Total: 1.335800 ms (FindLiveObjects: 0.100200 ms CreateObjectMapping: 0.029400 ms MarkObjects: 1.169200 ms  DeleteObjects: 0.036400 ms)

========================================================================
Received Import Request.
  Time since last request: 253.198545 seconds.
  path: Assets/Prefabs/Prefabs_objects/Bomb.prefab
  artifactKey: Guid(c1b14f57934991c41885cea67040fc10) Importer(815301076,1909f56bfc062723c751e8b465ee728b)
Start importing Assets/Prefabs/Prefabs_objects/Bomb.prefab using Guid(c1b14f57934991c41885cea67040fc10) Importer(815301076,1909f56bfc062723c751e8b465ee728b)  -> (artifact id: '9d74e3c6596632d537ab1f06f7d66455') in 0.053899 seconds
  Import took 0.055743 seconds .

========================================================================
Received Import Request.
  Time since last request: 5.475731 seconds.
  path: Assets/Prefabs/Prefabs_objects/Bomb.prefab
  artifactKey: Guid(c1b14f57934991c41885cea67040fc10) Importer(815301076,1909f56bfc062723c751e8b465ee728b)
Start importing Assets/Prefabs/Prefabs_objects/Bomb.prefab using Guid(c1b14f57934991c41885cea67040fc10) Importer(815301076,1909f56bfc062723c751e8b465ee728b)  -> (artifact id: 'e117644db866da2b6bde8da7d1e93ee8') in 0.011693 seconds
  Import took 0.013437 seconds .

========================================================================
Received Prepare
Registering precompiled user dll's ...
Registered in 0.000644 seconds.
Begin MonoManager ReloadAssembly
Native extension for WindowsStandalone target not found
Refreshing native plugins compatible for Editor in 0.19 ms, found 0 plugins.
Preloading 0 native plugins for Editor in 0.00 ms.
Mono: successfully reloaded assembly
- Completed reload, in  0.797 seconds
Platform modules already initialized, skipping
Refreshing native plugins compatible for Editor in 0.18 ms, found 0 plugins.
Preloading 0 native plugins for Editor in 0.00 ms.
Unloading 1262 Unused Serialized files (Serialized files now loaded: 0)
System memory in use before: 66.4 MB.
System memory in use after: 66.4 MB.

Unloading 7 unused Assets to reduce memory usage. Loaded Objects now: 1755.
Total: 1.520600 ms (FindLiveObjects: 0.121400 ms CreateObjectMapping: 0.037200 ms MarkObjects: 1.316100 ms  DeleteObjects: 0.044800 ms)

========================================================================
Received Import Request.
  Time since last request: 10.475029 seconds.
  path: Assets/Prefabs/Prefabs_objects/Bomb.prefab
  artifactKey: Guid(c1b14f57934991c41885cea67040fc10) Importer(815301076,1909f56bfc062723c751e8b465ee728b)
Start importing Assets/Prefabs/Prefabs_objects/Bomb.prefab using Guid(c1b14f57934991c41885cea67040fc10) Importer(815301076,1909f56bfc062723c751e8b465ee728b)  -> (artifact id: '2878dc35a54c75bb2983988c2f44749c') in 0.049672 seconds
  Import took 0.051925 seconds .

========================================================================
Received Import Request.
  Time since last request: 0.703283 seconds.
  path: Assets/Prefabs/Prefabs_objects/Bomb.prefab
  artifactKey: Guid(c1b14f57934991c41885cea67040fc10) Importer(815301076,1909f56bfc062723c751e8b465ee728b)
Start importing Assets/Prefabs/Prefabs_objects/Bomb.prefab using Guid(c1b14f57934991c41885cea67040fc10) Importer(815301076,1909f56bfc062723c751e8b465ee728b)  -> (artifact id: '7de8728092d2108e424987fe21b0e351') in 0.011302 seconds
  Import took 0.013026 seconds .

========================================================================
Received Import Request.
  Time since last request: 0.005518 seconds.
  path: Assets/Prefabs/Prefabs_objects/Bomb.prefab
  artifactKey: Guid(c1b14f57934991c41885cea67040fc10) Importer(815301076,1909f56bfc062723c751e8b465ee728b)
Start importing Assets/Prefabs/Prefabs_objects/Bomb.prefab using Guid(c1b14f57934991c41885cea67040fc10) Importer(815301076,1909f56bfc062723c751e8b465ee728b)  -> (artifact id: '7de8728092d2108e424987fe21b0e351') in 0.005934 seconds
  Import took 0.007681 seconds .

========================================================================
Received Prepare
Registering precompiled user dll's ...
Registered in 0.000743 seconds.
Begin MonoManager ReloadAssembly
Native extension for WindowsStandalone target not found
Refreshing native plugins compatible for Editor in 0.19 ms, found 0 plugins.
Preloading 0 native plugins for Editor in 0.00 ms.
Mono: successfully reloaded assembly
- Completed reload, in  0.762 seconds
Platform modules already initialized, skipping
Refreshing native plugins compatible for Editor in 0.18 ms, found 0 plugins.
Preloading 0 native plugins for Editor in 0.00 ms.
Unloading 1262 Unused Serialized files (Serialized files now loaded: 0)
System memory in use before: 66.4 MB.
System memory in use after: 66.4 MB.

Unloading 7 unused Assets to reduce memory usage. Loaded Objects now: 1759.
Total: 1.659900 ms (FindLiveObjects: 0.221300 ms CreateObjectMapping: 0.113600 ms MarkObjects: 1.280000 ms  DeleteObjects: 0.044100 ms)

========================================================================
Received Import Request.
  Time since last request: 9.228302 seconds.
  path: Assets/Prefabs/Prefabs_objects/Bomb.prefab
  artifactKey: Guid(c1b14f57934991c41885cea67040fc10) Importer(815301076,1909f56bfc062723c751e8b465ee728b)
Start importing Assets/Prefabs/Prefabs_objects/Bomb.prefab using Guid(c1b14f57934991c41885cea67040fc10) Importer(815301076,1909f56bfc062723c751e8b465ee728b)  -> (artifact id: '22c2da4320cfbce66b4b6c56ba244ff1') in 0.050632 seconds
  Import took 0.062929 seconds .

========================================================================
Received Prepare
Registering precompiled user dll's ...
Registered in 0.000704 seconds.
Begin MonoManager ReloadAssembly
Native extension for WindowsStandalone target not found
Refreshing native plugins compatible for Editor in 0.17 ms, found 0 plugins.
Preloading 0 native plugins for Editor in 0.00 ms.
Mono: successfully reloaded assembly
- Completed reload, in  0.648 seconds
Platform modules already initialized, skipping
Refreshing native plugins compatible for Editor in 0.19 ms, found 0 plugins.
Preloading 0 native plugins for Editor in 0.00 ms.
Unloading 1262 Unused Serialized files (Serialized files now loaded: 0)
System memory in use before: 66.4 MB.
System memory in use after: 66.5 MB.

Unloading 7 unused Assets to reduce memory usage. Loaded Objects now: 1763.
Total: 1.585000 ms (FindLiveObjects: 0.116700 ms CreateObjectMapping: 0.034500 ms MarkObjects: 1.380100 ms  DeleteObjects: 0.052400 ms)

========================================================================
Received Import Request.
  Time since last request: 294.838377 seconds.
  path: Assets/Prefabs/Prefabs_objects/Bomb.prefab
  artifactKey: Guid(c1b14f57934991c41885cea67040fc10) Importer(815301076,1909f56bfc062723c751e8b465ee728b)
Start importing Assets/Prefabs/Prefabs_objects/Bomb.prefab using Guid(c1b14f57934991c41885cea67040fc10) Importer(815301076,1909f56bfc062723c751e8b465ee728b)  -> (artifact id: '7b990d622294979268bd2341d91ad2c7') in 0.043435 seconds
  Import took 0.045160 seconds .

========================================================================
Received Import Request.
  Time since last request: 22.512405 seconds.
  path: Assets/Script/playerController.cs
  artifactKey: Guid(6356e7674f26da248977a6cac10c720d) Importer(815301076,1909f56bfc062723c751e8b465ee728b)
Start importing Assets/Script/playerController.cs using Guid(6356e7674f26da248977a6cac10c720d) Importer(815301076,1909f56bfc062723c751e8b465ee728b)  -> (artifact id: '66e0cc58c3cd8907f8171336ead9e13f') in 0.009457 seconds
  Import took 0.011275 seconds .

========================================================================
Received Import Request.
  Time since last request: 1.631848 seconds.
  path: Assets/Script/rotationObject.cs
  artifactKey: Guid(49d242718014f764fb0d01d2915d207b) Importer(815301076,1909f56bfc062723c751e8b465ee728b)
Start importing Assets/Script/rotationObject.cs using Guid(49d242718014f764fb0d01d2915d207b) Importer(815301076,1909f56bfc062723c751e8b465ee728b)  -> (artifact id: '1dc37b3aa57dd9917e5665e51c9bd58f') in 0.005185 seconds
  Import took 0.006848 seconds .

========================================================================
Received Prepare
Registering precompiled user dll's ...
Registered in 0.000795 seconds.
Begin MonoManager ReloadAssembly
Native extension for WindowsStandalone target not found
Refreshing native plugins compatible for Editor in 0.18 ms, found 0 plugins.
Preloading 0 native plugins for Editor in 0.00 ms.
Mono: successfully reloaded assembly
- Completed reload, in  0.671 seconds
Platform modules already initialized, skipping
Refreshing native plugins compatible for Editor in 0.18 ms, found 0 plugins.
Preloading 0 native plugins for Editor in 0.00 ms.
Unloading 1262 Unused Serialized files (Serialized files now loaded: 0)
System memory in use before: 66.4 MB.
System memory in use after: 66.5 MB.

Unloading 7 unused Assets to reduce memory usage. Loaded Objects now: 1767.
Total: 1.422500 ms (FindLiveObjects: 0.098000 ms CreateObjectMapping: 0.028300 ms MarkObjects: 1.253400 ms  DeleteObjects: 0.042200 ms)

========================================================================
Received Import Request.
  Time since last request: 115.813350 seconds.
  path: Assets/Prefabs/Prefabs_objects/Bomb.prefab
  artifactKey: Guid(c1b14f57934991c41885cea67040fc10) Importer(815301076,1909f56bfc062723c751e8b465ee728b)
Start importing Assets/Prefabs/Prefabs_objects/Bomb.prefab using Guid(c1b14f57934991c41885cea67040fc10) Importer(815301076,1909f56bfc062723c751e8b465ee728b)  -> (artifact id: 'f998adba71d375a25338824d06e60fed') in 0.043953 seconds
  Import took 0.045598 seconds .

========================================================================
Received Import Request.
  Time since last request: 11.402535 seconds.
  path: Assets/Prefabs/Prefabs_objects/Bomb.prefab
  artifactKey: Guid(c1b14f57934991c41885cea67040fc10) Importer(815301076,1909f56bfc062723c751e8b465ee728b)
Start importing Assets/Prefabs/Prefabs_objects/Bomb.prefab using Guid(c1b14f57934991c41885cea67040fc10) Importer(815301076,1909f56bfc062723c751e8b465ee728b)  -> (artifact id: 'b53797789eab00df5a893ad50f138e92') in 0.029683 seconds
  Import took 0.031528 seconds .

========================================================================
Received Prepare
Registering precompiled user dll's ...
Registered in 0.000625 seconds.
Begin MonoManager ReloadAssembly
Native extension for WindowsStandalone target not found
Refreshing native plugins compatible for Editor in 0.18 ms, found 0 plugins.
Preloading 0 native plugins for Editor in 0.00 ms.
Mono: successfully reloaded assembly
- Completed reload, in  0.779 seconds
Platform modules already initialized, skipping
Refreshing native plugins compatible for Editor in 0.18 ms, found 0 plugins.
Preloading 0 native plugins for Editor in 0.00 ms.
Unloading 1262 Unused Serialized files (Serialized files now loaded: 0)
System memory in use before: 66.4 MB.
System memory in use after: 66.5 MB.

Unloading 7 unused Assets to reduce memory usage. Loaded Objects now: 1771.
Total: 1.721500 ms (FindLiveObjects: 0.141500 ms CreateObjectMapping: 0.058300 ms MarkObjects: 1.470400 ms  DeleteObjects: 0.050100 ms)

========================================================================
Received Import Request.
  Time since last request: 5.572344 seconds.
  path: Assets/Prefabs/Prefabs_objects/Bomb.prefab
  artifactKey: Guid(c1b14f57934991c41885cea67040fc10) Importer(815301076,1909f56bfc062723c751e8b465ee728b)
Start importing Assets/Prefabs/Prefabs_objects/Bomb.prefab using Guid(c1b14f57934991c41885cea67040fc10) Importer(815301076,1909f56bfc062723c751e8b465ee728b)  -> (artifact id: 'a0bd27b2da0d931115e14bc765a92871') in 0.052996 seconds
  Import took 0.055135 seconds .

========================================================================
Received Import Request.
  Time since last request: 16.280242 seconds.
  path: Assets/Prefabs/Prefabs_objects/Player.prefab
  artifactKey: Guid(21f63790e040be849b2a0cfdf162a11b) Importer(815301076,1909f56bfc062723c751e8b465ee728b)
Start importing Assets/Prefabs/Prefabs_objects/Player.prefab using Guid(21f63790e040be849b2a0cfdf162a11b) Importer(815301076,1909f56bfc062723c751e8b465ee728b)  -> (artifact id: '8f54a762e5370bae9778b150d6305faf') in 0.015526 seconds
  Import took 0.017427 seconds .

========================================================================
Received Prepare
Registering precompiled user dll's ...
Registered in 0.000703 seconds.
Begin MonoManager ReloadAssembly
Native extension for WindowsStandalone target not found
Refreshing native plugins compatible for Editor in 0.18 ms, found 0 plugins.
Preloading 0 native plugins for Editor in 0.00 ms.
Mono: successfully reloaded assembly
- Completed reload, in  0.656 seconds
Platform modules already initialized, skipping
Refreshing native plugins compatible for Editor in 0.18 ms, found 0 plugins.
Preloading 0 native plugins for Editor in 0.00 ms.
Unloading 1262 Unused Serialized files (Serialized files now loaded: 0)
System memory in use before: 66.4 MB.
System memory in use after: 66.5 MB.

Unloading 7 unused Assets to reduce memory usage. Loaded Objects now: 1775.
Total: 1.366300 ms (FindLiveObjects: 0.097600 ms CreateObjectMapping: 0.027500 ms MarkObjects: 1.199400 ms  DeleteObjects: 0.041000 ms)

========================================================================
Received Import Request.
  Time since last request: 28.587689 seconds.
  path: Assets/Prefabs/Prefabs_objects/Bomb.prefab
  artifactKey: Guid(c1b14f57934991c41885cea67040fc10) Importer(815301076,1909f56bfc062723c751e8b465ee728b)
Start importing Assets/Prefabs/Prefabs_objects/Bomb.prefab using Guid(c1b14f57934991c41885cea67040fc10) Importer(815301076,1909f56bfc062723c751e8b465ee728b)  -> (artifact id: 'bee37e4caa10745acf82bb693766797a') in 0.041977 seconds
  Import took 0.043663 seconds .

========================================================================
Received Import Request.
  Time since last request: 13.043099 seconds.
  path: Assets/Materials/Textures/Bomb.mat
  artifactKey: Guid(fd4ed1dc01f357748bb483d1da5094f5) Importer(815301076,1909f56bfc062723c751e8b465ee728b)
Start importing Assets/Materials/Textures/Bomb.mat using Guid(fd4ed1dc01f357748bb483d1da5094f5) Importer(815301076,1909f56bfc062723c751e8b465ee728b)  -> (artifact id: '2a482f841137bc603d8a3a38dd04cbff') in 0.023230 seconds
  Import took 0.025284 seconds .

========================================================================
Received Import Request.
  Time since last request: 8.902421 seconds.
  path: Assets/Materials/Textures/Player.mat
  artifactKey: Guid(69f2ef0cde9fd2041852b0a7b3c0c3d9) Importer(815301076,1909f56bfc062723c751e8b465ee728b)
Start importing Assets/Materials/Textures/Player.mat using Guid(69f2ef0cde9fd2041852b0a7b3c0c3d9) Importer(815301076,1909f56bfc062723c751e8b465ee728b)  -> (artifact id: 'b367a51e9a472ca05b47647ad683c894') in 0.007341 seconds
  Import took 0.008997 seconds .

========================================================================
Received Import Request.
  Time since last request: 6.720764 seconds.
  path: Assets/Materials/Textures/Moneda.mat
  artifactKey: Guid(45b86d157c2a43c47b63cfb9e20b0b5e) Importer(815301076,1909f56bfc062723c751e8b465ee728b)
Start importing Assets/Materials/Textures/Moneda.mat using Guid(45b86d157c2a43c47b63cfb9e20b0b5e) Importer(815301076,1909f56bfc062723c751e8b465ee728b)  -> (artifact id: '61cc3c6de8d32ff4e2eee1fafe12e76b') in 0.009902 seconds
  Import took 0.019085 seconds .

========================================================================
Received Import Request.
  Time since last request: 11.081584 seconds.
  path: Assets/Materials/Textures/Box.mat
  artifactKey: Guid(409e4223432a5f349a27fd7e4b6ad3f7) Importer(815301076,1909f56bfc062723c751e8b465ee728b)
Start importing Assets/Materials/Textures/Box.mat using Guid(409e4223432a5f349a27fd7e4b6ad3f7) Importer(815301076,1909f56bfc062723c751e8b465ee728b)  -> (artifact id: '18042d46a33ae2b42a8eaca1992d9133') in 0.011707 seconds
  Import took 0.013559 seconds .

========================================================================
Received Import Request.
  Time since last request: 31.674002 seconds.
  path: Assets/TextMesh Pro/Sprites/EmojiOne.png
  artifactKey: Guid(dffef66376be4fa480fb02b19edbe903) Importer(815301076,1909f56bfc062723c751e8b465ee728b)
Start importing Assets/TextMesh Pro/Sprites/EmojiOne.png using Guid(dffef66376be4fa480fb02b19edbe903) Importer(815301076,1909f56bfc062723c751e8b465ee728b)  -> (artifact id: 'd78a27303d38c5bc73b55289faa0930d') in 0.075604 seconds
  Import took 0.077848 seconds .

========================================================================
Received Import Request.
  Time since last request: 0.000040 seconds.
  path: Assets/TextMesh Pro/Resources/Fonts & Materials/LiberationSans SDF - Fallback.asset
  artifactKey: Guid(2e498d1c8094910479dc3e1b768306a4) Importer(815301076,1909f56bfc062723c751e8b465ee728b)
Start importing Assets/TextMesh Pro/Resources/Fonts & Materials/LiberationSans SDF - Fallback.asset using Guid(2e498d1c8094910479dc3e1b768306a4) Importer(815301076,1909f56bfc062723c751e8b465ee728b)  -> (artifact id: 'b8c2210586957436df79bf961aeff06e') in 0.040074 seconds
  Import took 0.042015 seconds .

========================================================================
Received Import Request.
  Time since last request: 0.000125 seconds.
  path: Assets/TextMesh Pro/Fonts/LiberationSans.ttf
  artifactKey: Guid(e3265ab4bf004d28a9537516768c1c75) Importer(815301076,1909f56bfc062723c751e8b465ee728b)
Start importing Assets/TextMesh Pro/Fonts/LiberationSans.ttf using Guid(e3265ab4bf004d28a9537516768c1c75) Importer(815301076,1909f56bfc062723c751e8b465ee728b)  -> (artifact id: 'bdddd331c3f1b7826858a8d92db67e39') in 0.057750 seconds
  Import took 0.059434 seconds .

========================================================================
Received Import Request.
  Time since last request: 0.000134 seconds.
  path: Assets/TextMesh Pro/Resources/Fonts & Materials/LiberationSans SDF - Fallback.asset
  artifactKey: Guid(2e498d1c8094910479dc3e1b768306a4) Importer(815301076,1909f56bfc062723c751e8b465ee728b)
Start importing Assets/TextMesh Pro/Resources/Fonts & Materials/LiberationSans SDF - Fallback.asset using Guid(2e498d1c8094910479dc3e1b768306a4) Importer(815301076,1909f56bfc062723c751e8b465ee728b)  -> (artifact id: 'b8c2210586957436df79bf961aeff06e') in 0.012820 seconds
  Import took 0.014677 seconds .

========================================================================
Received Import Request.
  Time since last request: 0.000130 seconds.
  path: Assets/TextMesh Pro/Resources/Fonts & Materials/LiberationSans SDF.asset
  artifactKey: Guid(8f586378b4e144a9851e7b34d9b748ee) Importer(815301076,1909f56bfc062723c751e8b465ee728b)
Start importing Assets/TextMesh Pro/Resources/Fonts & Materials/LiberationSans SDF.asset using Guid(8f586378b4e144a9851e7b34d9b748ee) Importer(815301076,1909f56bfc062723c751e8b465ee728b)  -> (artifact id: 'f1280cc7be10b532b2897fc8654f95d3') in 0.038151 seconds
  Import took 0.039956 seconds .

========================================================================
Received Import Request.
  Time since last request: 0.000488 seconds.
  path: Assets/TextMesh Pro/Resources/Fonts & Materials/LiberationSans SDF.asset
  artifactKey: Guid(8f586378b4e144a9851e7b34d9b748ee) Importer(815301076,1909f56bfc062723c751e8b465ee728b)
Start importing Assets/TextMesh Pro/Resources/Fonts & Materials/LiberationSans SDF.asset using Guid(8f586378b4e144a9851e7b34d9b748ee) Importer(815301076,1909f56bfc062723c751e8b465ee728b)  -> (artifact id: 'f1280cc7be10b532b2897fc8654f95d3') in 0.031973 seconds
  Import took 0.033813 seconds .

========================================================================
Received Prepare
Registering precompiled user dll's ...
Registered in 0.000569 seconds.
Begin MonoManager ReloadAssembly
Native extension for WindowsStandalone target not found
Refreshing native plugins compatible for Editor in 0.18 ms, found 0 plugins.
Preloading 0 native plugins for Editor in 0.00 ms.
Mono: successfully reloaded assembly
- Completed reload, in  0.654 seconds
Platform modules already initialized, skipping
Refreshing native plugins compatible for Editor in 0.18 ms, found 0 plugins.
Preloading 0 native plugins for Editor in 0.00 ms.
Unloading 1261 Unused Serialized files (Serialized files now loaded: 0)
System memory in use before: 66.8 MB.
System memory in use after: 66.9 MB.

Unloading 8 unused Assets to reduce memory usage. Loaded Objects now: 1816.
Total: 1.311300 ms (FindLiveObjects: 0.102700 ms CreateObjectMapping: 0.032100 ms MarkObjects: 1.134900 ms  DeleteObjects: 0.041000 ms)

========================================================================
Received Prepare
Registering precompiled user dll's ...
Registered in 0.000599 seconds.
Begin MonoManager ReloadAssembly
Native extension for WindowsStandalone target not found
Refreshing native plugins compatible for Editor in 0.18 ms, found 0 plugins.
Preloading 0 native plugins for Editor in 0.00 ms.
Mono: successfully reloaded assembly
- Completed reload, in  0.642 seconds
Platform modules already initialized, skipping
Refreshing native plugins compatible for Editor in 0.17 ms, found 0 plugins.
Preloading 0 native plugins for Editor in 0.00 ms.
Unloading 1261 Unused Serialized files (Serialized files now loaded: 0)
System memory in use before: 66.8 MB.
System memory in use after: 66.9 MB.

Unloading 6 unused Assets to reduce memory usage. Loaded Objects now: 1819.
Total: 1.408700 ms (FindLiveObjects: 0.105300 ms CreateObjectMapping: 0.035400 ms MarkObjects: 1.230000 ms  DeleteObjects: 0.037400 ms)

========================================================================
Received Import Request.
  Time since last request: 153.431799 seconds.
  path: Assets/Script/destroyOutOfBonds.cs
  artifactKey: Guid(8ef943741910c4c4a8487392ac91797d) Importer(815301076,1909f56bfc062723c751e8b465ee728b)
Start importing Assets/Script/destroyOutOfBonds.cs using Guid(8ef943741910c4c4a8487392ac91797d) Importer(815301076,1909f56bfc062723c751e8b465ee728b)  -> (artifact id: '8004c88dd0f66952afde92eee5abee24') in 0.006433 seconds
  Import took 0.008431 seconds .

========================================================================
Received Prepare
Registering precompiled user dll's ...
Registered in 0.000656 seconds.
Begin MonoManager ReloadAssembly
Native extension for WindowsStandalone target not found
Refreshing native plugins compatible for Editor in 0.18 ms, found 0 plugins.
Preloading 0 native plugins for Editor in 0.00 ms.
Mono: successfully reloaded assembly
- Completed reload, in  0.698 seconds
Platform modules already initialized, skipping
Refreshing native plugins compatible for Editor in 0.17 ms, found 0 plugins.
Preloading 0 native plugins for Editor in 0.00 ms.
Unloading 1261 Unused Serialized files (Serialized files now loaded: 0)
System memory in use before: 66.8 MB.
System memory in use after: 66.9 MB.

Unloading 6 unused Assets to reduce memory usage. Loaded Objects now: 1822.
Total: 1.299200 ms (FindLiveObjects: 0.112100 ms CreateObjectMapping: 0.030600 ms MarkObjects: 1.115600 ms  DeleteObjects: 0.039900 ms)

========================================================================
Received Import Request.
  Time since last request: 65.584401 seconds.
  path: Assets/Script/destroyOutOfBonds.cs
  artifactKey: Guid(8ef943741910c4c4a8487392ac91797d) Importer(815301076,1909f56bfc062723c751e8b465ee728b)
Start importing Assets/Script/destroyOutOfBonds.cs using Guid(8ef943741910c4c4a8487392ac91797d) Importer(815301076,1909f56bfc062723c751e8b465ee728b)  -> (artifact id: '23318c6966f5fb2e15447ed443b4c3a5') in 0.003358 seconds
  Import took 0.004911 seconds .

========================================================================
Received Prepare
Registering precompiled user dll's ...
Registered in 0.000747 seconds.
Begin MonoManager ReloadAssembly
Native extension for WindowsStandalone target not found
Refreshing native plugins compatible for Editor in 0.19 ms, found 0 plugins.
Preloading 0 native plugins for Editor in 0.00 ms.
Mono: successfully reloaded assembly
- Completed reload, in  0.706 seconds
Platform modules already initialized, skipping
Refreshing native plugins compatible for Editor in 0.17 ms, found 0 plugins.
Preloading 0 native plugins for Editor in 0.00 ms.
Unloading 1261 Unused Serialized files (Serialized files now loaded: 0)
System memory in use before: 66.8 MB.
System memory in use after: 66.9 MB.

Unloading 6 unused Assets to reduce memory usage. Loaded Objects now: 1825.
Total: 1.268500 ms (FindLiveObjects: 0.105600 ms CreateObjectMapping: 0.032100 ms MarkObjects: 1.092400 ms  DeleteObjects: 0.037800 ms)

========================================================================
Received Import Request.
  Time since last request: 43.389841 seconds.
  path: Assets/Script/detectCollisions.cs
  artifactKey: Guid(d884b2ad9df068e43ae38e28b7c305ea) Importer(815301076,1909f56bfc062723c751e8b465ee728b)
Start importing Assets/Script/detectCollisions.cs using Guid(d884b2ad9df068e43ae38e28b7c305ea) Importer(815301076,1909f56bfc062723c751e8b465ee728b)  -> (artifact id: 'da56e366cc75a980d1c271a1beecc64d') in 0.005764 seconds
  Import took 0.007381 seconds .

========================================================================
Received Prepare
Registering precompiled user dll's ...
Registered in 0.000689 seconds.
Begin MonoManager ReloadAssembly
Native extension for WindowsStandalone target not found
Refreshing native plugins compatible for Editor in 0.40 ms, found 0 plugins.
Preloading 0 native plugins for Editor in 0.00 ms.
Mono: successfully reloaded assembly
- Completed reload, in  0.702 seconds
Platform modules already initialized, skipping
Refreshing native plugins compatible for Editor in 0.18 ms, found 0 plugins.
Preloading 0 native plugins for Editor in 0.00 ms.
Unloading 1261 Unused Serialized files (Serialized files now loaded: 0)
System memory in use before: 66.8 MB.
System memory in use after: 66.9 MB.

Unloading 6 unused Assets to reduce memory usage. Loaded Objects now: 1828.
Total: 1.308100 ms (FindLiveObjects: 0.107400 ms CreateObjectMapping: 0.030900 ms MarkObjects: 1.131700 ms  DeleteObjects: 0.037500 ms)

========================================================================
Received Import Request.
  Time since last request: 52.980233 seconds.
  path: Assets/Script/moveForward.cs
  artifactKey: Guid(63a214d5f69f49446b1a81458c0a3855) Importer(815301076,1909f56bfc062723c751e8b465ee728b)
Start importing Assets/Script/moveForward.cs using Guid(63a214d5f69f49446b1a81458c0a3855) Importer(815301076,1909f56bfc062723c751e8b465ee728b)  -> (artifact id: '95bd9f4da86fbffcdcbc6c545628f393') in 0.005768 seconds
  Import took 0.007363 seconds .

========================================================================
Received Prepare
Registering precompiled user dll's ...
Registered in 0.001213 seconds.
Begin MonoManager ReloadAssembly
Native extension for WindowsStandalone target not found
Refreshing native plugins compatible for Editor in 0.18 ms, found 0 plugins.
Preloading 0 native plugins for Editor in 0.00 ms.
Mono: successfully reloaded assembly
- Completed reload, in  0.672 seconds
Platform modules already initialized, skipping
Refreshing native plugins compatible for Editor in 0.18 ms, found 0 plugins.
Preloading 0 native plugins for Editor in 0.00 ms.
Unloading 1261 Unused Serialized files (Serialized files now loaded: 0)
System memory in use before: 66.8 MB.
System memory in use after: 66.9 MB.

Unloading 6 unused Assets to reduce memory usage. Loaded Objects now: 1831.
Total: 1.376900 ms (FindLiveObjects: 0.106000 ms CreateObjectMapping: 0.031400 ms MarkObjects: 1.202000 ms  DeleteObjects: 0.037000 ms)

========================================================================
Received Import Request.
  Time since last request: 47.876271 seconds.
  path: Assets/Script/rotationObject.cs
  artifactKey: Guid(49d242718014f764fb0d01d2915d207b) Importer(815301076,1909f56bfc062723c751e8b465ee728b)
Start importing Assets/Script/rotationObject.cs using Guid(49d242718014f764fb0d01d2915d207b) Importer(815301076,1909f56bfc062723c751e8b465ee728b)  -> (artifact id: 'f604dbcd5150401423bc7b13b5536325') in 0.003019 seconds
  Import took 0.004583 seconds .

========================================================================
Received Prepare
Registering precompiled user dll's ...
Registered in 0.000596 seconds.
Begin MonoManager ReloadAssembly
Native extension for WindowsStandalone target not found
Refreshing native plugins compatible for Editor in 0.18 ms, found 0 plugins.
Preloading 0 native plugins for Editor in 0.00 ms.
Mono: successfully reloaded assembly
- Completed reload, in  0.677 seconds
Platform modules already initialized, skipping
Refreshing native plugins compatible for Editor in 0.19 ms, found 0 plugins.
Preloading 0 native plugins for Editor in 0.00 ms.
Unloading 1261 Unused Serialized files (Serialized files now loaded: 0)
System memory in use before: 66.8 MB.
System memory in use after: 66.9 MB.

Unloading 6 unused Assets to reduce memory usage. Loaded Objects now: 1834.
Total: 1.309200 ms (FindLiveObjects: 0.110400 ms CreateObjectMapping: 0.031300 ms MarkObjects: 1.126500 ms  DeleteObjects: 0.040400 ms)

========================================================================
Received Import Request.
  Time since last request: 212.722884 seconds.
  path: Assets/Prefabs/Prefabs_objects/Player.prefab
  artifactKey: Guid(21f63790e040be849b2a0cfdf162a11b) Importer(815301076,1909f56bfc062723c751e8b465ee728b)
Start importing Assets/Prefabs/Prefabs_objects/Player.prefab using Guid(21f63790e040be849b2a0cfdf162a11b) Importer(815301076,1909f56bfc062723c751e8b465ee728b)  -> (artifact id: 'bec4863a7f0c4da1e62867e44fb3ff46') in 0.050243 seconds
  Import took 0.052577 seconds .

========================================================================
Received Import Request.
  Time since last request: 1.471514 seconds.
  path: Assets/Prefabs/Prefabs_objects/Bomb.prefab
  artifactKey: Guid(c1b14f57934991c41885cea67040fc10) Importer(815301076,1909f56bfc062723c751e8b465ee728b)
Start importing Assets/Prefabs/Prefabs_objects/Bomb.prefab using Guid(c1b14f57934991c41885cea67040fc10) Importer(815301076,1909f56bfc062723c751e8b465ee728b)  -> (artifact id: 'd886a1e2793f762c8fe9f481955fcb3c') in 0.007219 seconds
  Import took 0.009032 seconds .

========================================================================
Received Import Request.
  Time since last request: 11.406940 seconds.
  path: Assets/Prefabs/Prefabs_objects/Box.prefab
  artifactKey: Guid(d313e28cdf999d64e80ef5f9c1d413d4) Importer(815301076,1909f56bfc062723c751e8b465ee728b)
Start importing Assets/Prefabs/Prefabs_objects/Box.prefab using Guid(d313e28cdf999d64e80ef5f9c1d413d4) Importer(815301076,1909f56bfc062723c751e8b465ee728b)  -> (artifact id: '28177d0d1f37753968ca1d6f7f997555') in 0.014311 seconds
  Import took 0.016220 seconds .

========================================================================
Received Import Request.
  Time since last request: 3.465184 seconds.
  path: Assets/Prefabs/Prefabs_objects/Box.prefab
  artifactKey: Guid(d313e28cdf999d64e80ef5f9c1d413d4) Importer(815301076,1909f56bfc062723c751e8b465ee728b)
Start importing Assets/Prefabs/Prefabs_objects/Box.prefab using Guid(d313e28cdf999d64e80ef5f9c1d413d4) Importer(815301076,1909f56bfc062723c751e8b465ee728b)  -> (artifact id: '06654ace6b7d124193837ab40ac4d4d8') in 0.009920 seconds
  Import took 0.011730 seconds .

========================================================================
Received Prepare
Registering precompiled user dll's ...
Registered in 0.000782 seconds.
Begin MonoManager ReloadAssembly
Native extension for WindowsStandalone target not found
Refreshing native plugins compatible for Editor in 0.18 ms, found 0 plugins.
Preloading 0 native plugins for Editor in 0.00 ms.
Mono: successfully reloaded assembly
- Completed reload, in  0.640 seconds
Platform modules already initialized, skipping
Refreshing native plugins compatible for Editor in 0.18 ms, found 0 plugins.
Preloading 0 native plugins for Editor in 0.00 ms.
Unloading 1261 Unused Serialized files (Serialized files now loaded: 0)
System memory in use before: 66.8 MB.
System memory in use after: 66.9 MB.

Unloading 7 unused Assets to reduce memory usage. Loaded Objects now: 1838.
Total: 1.299500 ms (FindLiveObjects: 0.100300 ms CreateObjectMapping: 0.026800 ms MarkObjects: 1.130000 ms  DeleteObjects: 0.041800 ms)

========================================================================
Received Import Request.
  Time since last request: 378.991418 seconds.
  path: Assets/Prefabs/Prefabs_objects/Bomb.prefab
  artifactKey: Guid(c1b14f57934991c41885cea67040fc10) Importer(815301076,1909f56bfc062723c751e8b465ee728b)
Start importing Assets/Prefabs/Prefabs_objects/Bomb.prefab using Guid(c1b14f57934991c41885cea67040fc10) Importer(815301076,1909f56bfc062723c751e8b465ee728b)  -> (artifact id: '10e426aabb34de500b22796c3f37e3d6') in 0.043358 seconds
  Import took 0.045154 seconds .

========================================================================
Received Prepare
Registering precompiled user dll's ...
Registered in 0.000789 seconds.
Begin MonoManager ReloadAssembly
Native extension for WindowsStandalone target not found
Refreshing native plugins compatible for Editor in 0.18 ms, found 0 plugins.
Preloading 0 native plugins for Editor in 0.00 ms.
Mono: successfully reloaded assembly
- Completed reload, in  0.706 seconds
Platform modules already initialized, skipping
Refreshing native plugins compatible for Editor in 0.18 ms, found 0 plugins.
Preloading 0 native plugins for Editor in 0.00 ms.
Unloading 1261 Unused Serialized files (Serialized files now loaded: 0)
System memory in use before: 66.8 MB.
System memory in use after: 66.9 MB.

Unloading 7 unused Assets to reduce memory usage. Loaded Objects now: 1842.
Total: 1.406200 ms (FindLiveObjects: 0.103400 ms CreateObjectMapping: 0.028800 ms MarkObjects: 1.231300 ms  DeleteObjects: 0.042000 ms)

========================================================================
Received Import Request.
  Time since last request: 53.194778 seconds.
  path: Assets/Materials/Textures/Bomb.mat
  artifactKey: Guid(fd4ed1dc01f357748bb483d1da5094f5) Importer(815301076,1909f56bfc062723c751e8b465ee728b)
Start importing Assets/Materials/Textures/Bomb.mat using Guid(fd4ed1dc01f357748bb483d1da5094f5) Importer(815301076,1909f56bfc062723c751e8b465ee728b)  -> (artifact id: '6a86e147ac2fa35b64e425c6453bd84e') in 0.048731 seconds
  Import took 0.050537 seconds .

========================================================================
Received Prepare
Registering precompiled user dll's ...
Registered in 0.000633 seconds.
Begin MonoManager ReloadAssembly
Native extension for WindowsStandalone target not found
Refreshing native plugins compatible for Editor in 0.18 ms, found 0 plugins.
Preloading 0 native plugins for Editor in 0.00 ms.
Mono: successfully reloaded assembly
- Completed reload, in  0.657 seconds
Platform modules already initialized, skipping
Refreshing native plugins compatible for Editor in 0.25 ms, found 0 plugins.
Preloading 0 native plugins for Editor in 0.00 ms.
Unloading 1261 Unused Serialized files (Serialized files now loaded: 0)
System memory in use before: 66.8 MB.
System memory in use after: 66.9 MB.

Unloading 6 unused Assets to reduce memory usage. Loaded Objects now: 1846.
Total: 1.365700 ms (FindLiveObjects: 0.105000 ms CreateObjectMapping: 0.029300 ms MarkObjects: 1.192000 ms  DeleteObjects: 0.038600 ms)

========================================================================
Received Import Request.
  Time since last request: 80.433250 seconds.
  path: Assets/Prefabs/Prefabs_objects/Bomb.prefab
  artifactKey: Guid(c1b14f57934991c41885cea67040fc10) Importer(815301076,1909f56bfc062723c751e8b465ee728b)
Start importing Assets/Prefabs/Prefabs_objects/Bomb.prefab using Guid(c1b14f57934991c41885cea67040fc10) Importer(815301076,1909f56bfc062723c751e8b465ee728b)  -> (artifact id: '0f4210c5050b53352aac69be0cd8f23a') in 0.042117 seconds
  Import took 0.043715 seconds .

========================================================================
Received Prepare
Registering precompiled user dll's ...
Registered in 0.000613 seconds.
Begin MonoManager ReloadAssembly
Native extension for WindowsStandalone target not found
Refreshing native plugins compatible for Editor in 0.17 ms, found 0 plugins.
Preloading 0 native plugins for Editor in 0.00 ms.
Mono: successfully reloaded assembly
- Completed reload, in  0.663 seconds
Platform modules already initialized, skipping
Refreshing native plugins compatible for Editor in 0.18 ms, found 0 plugins.
Preloading 0 native plugins for Editor in 0.00 ms.
Unloading 1261 Unused Serialized files (Serialized files now loaded: 0)
System memory in use before: 66.8 MB.
System memory in use after: 66.9 MB.

Unloading 7 unused Assets to reduce memory usage. Loaded Objects now: 1850.
Total: 1.409000 ms (FindLiveObjects: 0.114700 ms CreateObjectMapping: 0.031300 ms MarkObjects: 1.220300 ms  DeleteObjects: 0.041900 ms)

========================================================================
Received Import Request.
  Time since last request: 158.481724 seconds.
  path: Assets/Materials/Textures/Box_2.mat
  artifactKey: Guid(bbd323ada71bb514c971d11bbda618de) Importer(815301076,1909f56bfc062723c751e8b465ee728b)
Start importing Assets/Materials/Textures/Box_2.mat using Guid(bbd323ada71bb514c971d11bbda618de) Importer(815301076,1909f56bfc062723c751e8b465ee728b)  -> (artifact id: '6db90e701f1c2831deff099196412c45') in 0.047097 seconds
  Import took 0.048794 seconds .

========================================================================
Received Prepare
Registering precompiled user dll's ...
Registered in 0.000609 seconds.
Begin MonoManager ReloadAssembly
Native extension for WindowsStandalone target not found
Refreshing native plugins compatible for Editor in 0.18 ms, found 0 plugins.
Preloading 0 native plugins for Editor in 0.00 ms.
Mono: successfully reloaded assembly
- Completed reload, in  0.651 seconds
Platform modules already initialized, skipping
Refreshing native plugins compatible for Editor in 0.17 ms, found 0 plugins.
Preloading 0 native plugins for Editor in 0.00 ms.
Unloading 1261 Unused Serialized files (Serialized files now loaded: 0)
System memory in use before: 66.8 MB.
System memory in use after: 66.9 MB.

Unloading 6 unused Assets to reduce memory usage. Loaded Objects now: 1854.
Total: 1.390900 ms (FindLiveObjects: 0.157700 ms CreateObjectMapping: 0.033300 ms MarkObjects: 1.162000 ms  DeleteObjects: 0.037100 ms)

========================================================================
Received Import Request.
  Time since last request: 24.036273 seconds.
  path: Assets/Materials/Textures/Player
  artifactKey: Guid(447c1fd2d37bf2349a2e331e03099af5) Importer(815301076,1909f56bfc062723c751e8b465ee728b)
Start importing Assets/Materials/Textures/Player using Guid(447c1fd2d37bf2349a2e331e03099af5) Importer(815301076,1909f56bfc062723c751e8b465ee728b)  -> (artifact id: '8b1a9d50a819bb35621105e2f7375c74') in 0.002949 seconds
  Import took 0.004468 seconds .

========================================================================
Received Import Request.
  Time since last request: 21.401787 seconds.
  path: Assets/Materials/Textures/Player/Patas.mat
  artifactKey: Guid(bea6c8cf239607842b671ec528757ce6) Importer(815301076,1909f56bfc062723c751e8b465ee728b)
Start importing Assets/Materials/Textures/Player/Patas.mat using Guid(bea6c8cf239607842b671ec528757ce6) Importer(815301076,1909f56bfc062723c751e8b465ee728b)  -> (artifact id: '9a637154658a84dfae59ac50098fa1b7') in 0.046942 seconds
  Import took 0.048747 seconds .

========================================================================
Received Import Request.
  Time since last request: 21.904037 seconds.
  path: Assets/Materials/Textures/Player/aspas.mat
  artifactKey: Guid(5ab86aeea11bcb64792ee4c120d13247) Importer(815301076,1909f56bfc062723c751e8b465ee728b)
Start importing Assets/Materials/Textures/Player/aspas.mat using Guid(5ab86aeea11bcb64792ee4c120d13247) Importer(815301076,1909f56bfc062723c751e8b465ee728b)  -> (artifact id: 'cc2ee3f53e92807e85121c76fd95c65c') in 0.012305 seconds
  Import took 0.014044 seconds .

========================================================================
Received Prepare
Registering precompiled user dll's ...
Registered in 0.000655 seconds.
Begin MonoManager ReloadAssembly
Native extension for WindowsStandalone target not found
Refreshing native plugins compatible for Editor in 0.18 ms, found 0 plugins.
Preloading 0 native plugins for Editor in 0.00 ms.
Mono: successfully reloaded assembly
- Completed reload, in  0.655 seconds
Platform modules already initialized, skipping
Refreshing native plugins compatible for Editor in 0.18 ms, found 0 plugins.
Preloading 0 native plugins for Editor in 0.00 ms.
Unloading 1261 Unused Serialized files (Serialized files now loaded: 0)
System memory in use before: 66.9 MB.
System memory in use after: 66.9 MB.

Unloading 6 unused Assets to reduce memory usage. Loaded Objects now: 1858.
Total: 1.307700 ms (FindLiveObjects: 0.101500 ms CreateObjectMapping: 0.027200 ms MarkObjects: 1.141900 ms  DeleteObjects: 0.036500 ms)

========================================================================
Received Import Request.
  Time since last request: 39.201645 seconds.
  path: Assets/Materials/Textures/Player/aspas.mat
  artifactKey: Guid(5ab86aeea11bcb64792ee4c120d13247) Importer(815301076,1909f56bfc062723c751e8b465ee728b)
Start importing Assets/Materials/Textures/Player/aspas.mat using Guid(5ab86aeea11bcb64792ee4c120d13247) Importer(815301076,1909f56bfc062723c751e8b465ee728b)  -> (artifact id: '7cb1f19c1c26a9cce9bbceec5cd5a701') in 0.045688 seconds
  Import took 0.047260 seconds .

========================================================================
Received Import Request.
  Time since last request: 0.000197 seconds.
  path: Assets/Materials/Textures/Player/Player.mat
  artifactKey: Guid(69f2ef0cde9fd2041852b0a7b3c0c3d9) Importer(815301076,1909f56bfc062723c751e8b465ee728b)
Start importing Assets/Materials/Textures/Player/Player.mat using Guid(69f2ef0cde9fd2041852b0a7b3c0c3d9) Importer(815301076,1909f56bfc062723c751e8b465ee728b)  -> (artifact id: 'd3c89b09cf8c37d9d55ef1a9ae0b2ab3') in 0.009378 seconds
  Import took 0.010884 seconds .

========================================================================
Received Import Request.
  Time since last request: 0.000186 seconds.
  path: Assets/Materials/Textures/Player/Patas.mat
  artifactKey: Guid(bea6c8cf239607842b671ec528757ce6) Importer(815301076,1909f56bfc062723c751e8b465ee728b)
Start importing Assets/Materials/Textures/Player/Patas.mat using Guid(bea6c8cf239607842b671ec528757ce6) Importer(815301076,1909f56bfc062723c751e8b465ee728b)  -> (artifact id: '5a47e3b9a13f68f798b0e8992441f192') in 0.010880 seconds
  Import took 0.012495 seconds .

AssetImportWorkerClient::OnTransportError - code=2 error=End of file
